Refreshing data
Opening...
RF0610
 processed
RF1011
 processed
RF0620
 processed
RF1012
 processed
RF0812
 processed
RF0811
 processed
RF0893
 processed
RF0899
 processed
RF1039
 processed
RF1032
 processed
RF1051
 processed
RF1013
 processed
RF1020
 processed
RF1041
 processed
RF1061
 processed
RF1071
 processed
RF1062
 processed
RF1031
 processed
RF1072
 processed
RF1081
 processed
RF1082
 processed
RF1052
 processed
RF1073
 processed
RF1089
 processed
RF1085
 processed
RF1083
 processed
RF1086
 processed
RF1102
 processed
RF1092
 processed
RF1101
 processed
RF1105
 processed
RF1310
 processed
RF1320
 processed
RF1391
 processed
RF1091
 processed
RF1330
 processed
RF1106
 processed
RF1395
 processed
RF1393
 processed
RF1396
 processed
RF1413
 processed
RF1399
 processed
RF1412
 processed
RF1392
 processed
RF1431
 processed
RF1107
 processed
RF1414
 processed
RF1439
 processed
RF1512
 processed
RF1042
 processed
RF1511
 processed
RF1623
 processed
RF1624
 processed
RF1520
 processed
RF1721
 processed
RF1712
 processed
RF1629
 processed
RF1419
 processed
RF1723
 processed
RF1729
 processed
RF1813
 processed
RF1722
 processed
RF1812
 processed
RF1724
 processed
RF2012
 processed
RF2013
 processed
RF2011
 processed
RF2016
 processed
RF1621
 processed
RF2014
 processed
RF2020
 processed
RF2030
 processed
RF2017
 processed
RF2015
 processed
RF2042
 processed
RF1711
 processed
RF2053
 processed
RF2052
 processed
RF2041
 processed
RF2060
 processed
RF2059
 processed
RF2120
 processed
RF2051
 processed
RF2221
 processed
RF2110
 processed
RF2211
 processed
RF2219
 processed
RF2222
 processed
RF2311
 processed
RF2313
 processed
RF2314
 processed
RF2312
 processed
RF2223
 processed
RF2332
 processed
RF2331
 processed
RF2229
 processed
RF2342
 processed
RF2319
 processed
RF2320
 processed
RF2351
 processed
RF2361
 processed
RF2362
 processed
RF2399
 processed
RF2420
 processed
RF2391
 processed
RF2410
 processed
RF2431
 processed
RF2341
 processed
RF2432
 processed
RF2363
 processed
RF2442
 processed
RF2434
 processed
RF2444
 processed
RF2451
 processed
RF2443
 processed
RF2433
 processed
RF2454
 processed
RF2453
 processed
RF2452
 processed
RF2512
 processed
RF2529
 processed
RF2521
 processed
RF2511
 processed
RF2550
 processed
RF2540
 processed
RF2571
 processed
RF2561
 processed
RF2445
 processed
RF2530
 processed
RF2573
 processed
RF2591
 processed
RF2593
 processed
RF2594
 processed
RF2592
 processed
RF2611
 processed
RF2572
 processed
RF2599
 processed
RF2620
 processed
RF2651
 processed
RF2562
 processed
RF2630
 processed
RF2612
 processed
RF2652
 processed
RF2660
 processed
RF2712
 processed
RF2720
 processed
RF2711
 processed
RF2731
 processed
RF2732
 processed
RF2751
 processed
RF2733
 processed
RF2790
 processed
RF2752
 processed
RF2812
 processed
RF2813
 processed
RF2815
 processed
RF2814
 processed
RF2822
 processed
RF2821
 processed
RF2740
 processed
RF2823
 processed
RF2830
 processed
RF2825
 processed
RF2829
 processed
RF2892
 processed
RF2841
 processed
RF2891
 processed
RF2894
 processed
RF2893
 processed
RF2896
 processed
RF2895
 processed
RF2899
 processed
RF2640
 processed
RF2670
 processed
RF2811
 processed
RF2931
 processed
RF2910
 processed
RF2920
 processed
RF2932
 processed
RF3030
 processed
RF3011
 processed
RF3091
 processed
RF3012
 processed
RF3092
 processed
RF3103
 processed
RF3020
 processed
RF3101
 processed
RF3102
 processed
RF3109
 processed
RF3250
 processed
RF3299
 processed
RF3312
 processed
RF3315
 processed
RF1920
 processed
RF3311
 processed
RF3320
 processed
RF3316
 processed
RF3511
 processed
RF3314
 processed
RF3522
 processed
RF3523
 processed
E4100Y1
 processed
RF3600
 processed
RF3212
 processed
E4200Y1
 processed
RF3514
 processed
RF3513
 processed
E4300Y1
 processed
RF3230
 processed
RF3313
 processed
RF3512
 processed
RF1200
 processed
Flushing bundle...
Generate Output
Csv matrix
generated
csv
generated
Saving new processing...
