Refreshing data
Opening...

 processed

 processed

 processed

 processed

 processed

 processed

 processed

 processed

 processed

 processed

 processed

 processed

 processed

 processed

 processed

 processed

 processed

 processed

 processed

 processed

 processed

 processed

 processed

 processed

 processed

 processed

 processed

 processed

 processed

 processed

 processed

 processed

 processed

 processed

 processed

 processed

 processed

 processed

 processed

 processed

 processed

 processed

 processed

 processed

 processed

 processed

 processed

 processed

 processed

 processed

 processed

 processed

 processed

 processed

 processed

 processed

 processed

 processed

 processed

 processed

 processed

 processed

 processed

 processed

 processed

 processed

 processed

 processed

 processed

 processed

 processed

 processed

 processed

 processed

 processed

 processed

 processed

 processed

 processed

 processed

 processed

 processed

 processed

 processed

 processed

 processed

 processed

 processed

 processed

 processed

 processed

 processed

 processed

 processed

 processed

 processed

 processed

 processed

 processed

 processed

 processed

 processed

 processed

 processed

 processed

 processed

 processed

 processed

 processed

 processed

 processed

 processed

 processed

 processed

 processed

 processed

 processed

 processed

 processed

 processed

 processed

 processed

 processed

 processed

 processed

 processed

 processed

 processed

 processed

 processed

 processed

 processed

 processed

 processed

 processed

 processed

 processed

 processed

 processed

 processed

 processed

 processed

 processed

 processed

 processed

 processed

 processed

 processed

 processed

 processed

 processed

 processed

 processed

 processed

 processed

 processed

 processed

 processed

 processed

 processed

 processed

 processed

 processed

 processed

 processed

 processed

 processed

 processed

 processed

 processed

 processed

 processed

 processed

 processed

 processed

 processed

 processed

 processed

 processed

 processed

 processed

 processed

 processed

 processed

 processed

 processed

 processed

 processed

 processed

 processed

 processed

 processed

 processed

 processed

 processed

 processed

 processed

 processed

 processed

 processed

 processed

 processed

 processed

 processed

 processed

 processed

 processed

 processed

 processed

 processed

 processed

 processed
Flushing bundle...
Generate Output
Csv matrix
generated
csv
generated
Saving new processing...
